<html>
<head>
<title>TestNG:  IPPB Test</title>
<link href="../testng.css" rel="stylesheet" type="text/css" />
<link href="../my-testng.css" rel="stylesheet" type="text/css" />

<style type="text/css">
.log { display: none;} 
.stack-trace { display: none;} 
</style>
<script type="text/javascript">
<!--
function flip(e) {
  current = e.style.display;
  if (current == 'block') {
    e.style.display = 'none';
    return 0;
  }
  else {
    e.style.display = 'block';
    return 1;
  }
}

function toggleBox(szDivId, elem, msg1, msg2)
{
  var res = -1;  if (document.getElementById) {
    res = flip(document.getElementById(szDivId));
  }
  else if (document.all) {
    // this is the way old msie versions work
    res = flip(document.all[szDivId]);
  }
  if(elem) {
    if(res == 0) elem.innerHTML = msg1; else elem.innerHTML = msg2;
  }

}

function toggleAllBoxes() {
  if (document.getElementsByTagName) {
    d = document.getElementsByTagName('div');
    for (i = 0; i < d.length; i++) {
      if (d[i].className == 'log') {
        flip(d[i]);
      }
    }
  }
}

// -->
</script>

</head>
<body>
<h2 align='center'>IPPB Test</h2><table border='1' align="center">
<tr>
<td>Tests passed/Failed/Skipped:</td><td>13/0/1</td>
</tr><tr>
<td>Started on:</td><td>Tue Apr 29 17:54:09 IST 2025</td>
</tr>
<tr><td>Total time:</td><td>263 seconds (263798 ms)</td>
</tr><tr>
<td>Included groups:</td><td></td>
</tr><tr>
<td>Excluded groups:</td><td></td>
</tr>
</table><p/>
<small><i>(Hover the method name to see the test class name)</i></small><p/>
<table width='100%' border='1' class='invocation-passed'>
<tr><td colspan='4' align='center'><b>PASSED TESTS</b></td></tr>
<tr><td><b>Test method</b></td>
<td width="30%"><b>Exception</b></td>
<td width="10%"><b>Time (seconds)</b></td>
<td><b>Instance</b></td>
</tr>
<tr>
<td title='Test_Suit.SmokeTestSuite.AddGoalPlan()'><b>AddGoalPlan</b><br>Test class: Test_Suit.SmokeTestSuite</td>
<td></td>
<td>16</td>
<td>Test_Suit.SmokeTestSuite@7b4c50bc</td></tr>
<tr>
<td title='Test_Suit.SmokeTestSuite.AddPMSCycle()'><b>AddPMSCycle</b><br>Test class: Test_Suit.SmokeTestSuite</td>
<td></td>
<td>16</td>
<td>Test_Suit.SmokeTestSuite@7b4c50bc</td></tr>
<tr>
<td title='Test_Suit.SmokeTestSuite.DeletionOf_PMSCycleAndGoalPlan()'><b>DeletionOf_PMSCycleAndGoalPlan</b><br>Test class: Test_Suit.SmokeTestSuite</td>
<td></td>
<td>11</td>
<td>Test_Suit.SmokeTestSuite@7b4c50bc</td></tr>
<tr>
<td title='Test_Suit.SmokeTestSuite.Employee_AssessmentSubmission()'><b>Employee_AssessmentSubmission</b><br>Test class: Test_Suit.SmokeTestSuite</td>
<td></td>
<td>21</td>
<td>Test_Suit.SmokeTestSuite@7b4c50bc</td></tr>
<tr>
<td title='Test_Suit.SmokeTestSuite.EnableIPPBConfigs()'><b>EnableIPPBConfigs</b><br>Test class: Test_Suit.SmokeTestSuite</td>
<td></td>
<td>24</td>
<td>Test_Suit.SmokeTestSuite@7b4c50bc</td></tr>
<tr>
<td title='Test_Suit.SmokeTestSuite.Finalize_Emp_Appraisal()'><b>Finalize_Emp_Appraisal</b><br>Test class: Test_Suit.SmokeTestSuite</td>
<td></td>
<td>24</td>
<td>Test_Suit.SmokeTestSuite@7b4c50bc</td></tr>
<tr>
<td title='Test_Suit.SmokeTestSuite.Initiate_PMSCycle()'><b>Initiate_PMSCycle</b><br>Test class: Test_Suit.SmokeTestSuite</td>
<td></td>
<td>10</td>
<td>Test_Suit.SmokeTestSuite@7b4c50bc</td></tr>
<tr>
<td title='Test_Suit.SmokeTestSuite.Manager_AddGoalTo_Emp()'><b>Manager_AddGoalTo_Emp</b><br>Test class: Test_Suit.SmokeTestSuite</td>
<td></td>
<td>27</td>
<td>Test_Suit.SmokeTestSuite@7b4c50bc</td></tr>
<tr>
<td title='Test_Suit.SmokeTestSuite.Manager_AssessmentSubmissionTo_Skip()'><b>Manager_AssessmentSubmissionTo_Skip</b><br>Test class: Test_Suit.SmokeTestSuite</td>
<td></td>
<td>22</td>
<td>Test_Suit.SmokeTestSuite@7b4c50bc</td></tr>
<tr>
<td title='Test_Suit.SmokeTestSuite.OnToOneMeeting_Employee()'><b>OnToOneMeeting_Employee</b><br>Test class: Test_Suit.SmokeTestSuite</td>
<td></td>
<td>11</td>
<td>Test_Suit.SmokeTestSuite@7b4c50bc</td></tr>
<tr>
<td title='Test_Suit.SmokeTestSuite.OneToOneMeeting_Manager()'><b>OneToOneMeeting_Manager</b><br>Test class: Test_Suit.SmokeTestSuite</td>
<td></td>
<td>8</td>
<td>Test_Suit.SmokeTestSuite@7b4c50bc</td></tr>
<tr>
<td title='Test_Suit.SmokeTestSuite.Remove_EmployeesFromGoalPlan()'><b>Remove_EmployeesFromGoalPlan</b><br>Test class: Test_Suit.SmokeTestSuite</td>
<td></td>
<td>17</td>
<td>Test_Suit.SmokeTestSuite@7b4c50bc</td></tr>
<tr>
<td title='Test_Suit.SmokeTestSuite.Skip_Approval()'><b>Skip_Approval</b><br>Test class: Test_Suit.SmokeTestSuite</td>
<td></td>
<td>11</td>
<td>Test_Suit.SmokeTestSuite@7b4c50bc</td></tr>
</table><p>
<table width='100%' border='1' class='invocation-skipped'>
<tr><td colspan='4' align='center'><b>SKIPPED TESTS</b></td></tr>
<tr><td><b>Test method</b></td>
<td width="30%"><b>Exception</b></td>
<td width="10%"><b>Time (seconds)</b></td>
<td><b>Instance</b></td>
</tr>
<tr>
<td title='Test_Suit.SmokeTestSuite.Remove_EmployeesFromGoalPlan()'><b>Remove_EmployeesFromGoalPlan</b><br>Test class: Test_Suit.SmokeTestSuite</td>
<td><div><pre>org.openqa.selenium.StaleElementReferenceException: stale element reference: stale element not found in the current frame
  (Session info: chrome=135.0.7049.115)
For documentation on this error, please visit: https://www.selenium.dev/documentation/webdriver/troubleshooting/errors#stale-element-reference-exception
Build info: version: &apos;4.26.0&apos;, revision: &apos;8ccf0219d7&apos;
System info: os.name: &apos;Windows 10&apos;, os.arch: &apos;amd64&apos;, os.version: &apos;10.0&apos;, java.version: &apos;21.0.6&apos;
Driver info: org.openqa.selenium.chrome.ChromeDriver
Command: [a92cb73223bf1425f21776b2a9836484, clickElement {id=f.AEA45EEDD9A634FAA9AF84BD14831753.d.05727E3B3B21D6F4B73BD224D8833592.e.5209}]
Capabilities {acceptInsecureCerts: false, browserName: chrome, browserVersion: 135.0.7049.115, chrome: {chromedriverVersion: 135.0.7049.114 (63fd8a7d9d0..., userDataDir: C:\Users\DELL\AppData\Local...}, fedcm:accounts: true, goog:chromeOptions: {debuggerAddress: localhost:51779}, networkConnectionEnabled: false, pageLoadStrategy: normal, platformName: windows, proxy: Proxy(), se:cdp: ws://localhost:51779/devtoo..., se:cdpVersion: 135.0.7049.115, setWindowRect: true, strictFileInteractability: false, timeouts: {implicit: 0, pageLoad: 300000, script: 30000}, unhandledPromptBehavior: dismiss and notify, webauthn:extension:credBlob: true, webauthn:extension:largeBlob: true, webauthn:extension:minPinLength: true, webauthn:extension:prf: true, webauthn:virtualAuthenticators: true}
Element: [[ChromeDriver: chrome on windows (a92cb73223bf1425f21776b2a9836484)] -&gt; xpath: //div[@style=&quot;text-align:left;position:absolute;&quot;]//img[@src=&quot;asssets/media/images/plasticine/40/000000/serial-tasks.png&quot;][1]]
Session ID: a92cb73223bf1425f21776b2a9836484
	at org.openqa.selenium.remote.ErrorCodec.decode(ErrorCodec.java:167)
	at org.openqa.selenium.remote.codec.w3c.W3CHttpResponseCodec.decode(W3CHttpResponseCodec.java:138)
	at org.openqa.selenium.remote.codec.w3c.W3CHttpResponseCodec.decode(W3CHttpResponseCodec.java:50)
	at org.openqa.selenium.remote.HttpCommandExecutor.execute(HttpCommandExecutor.java:190)
	at org.openqa.selenium.remote.service.DriverCommandExecutor.invokeExecute(DriverCommandExecutor.java:216)
	at org.openqa.selenium.remote.service.DriverCommandExecutor.execute(DriverCommandExecutor.java:174)
	at org.openqa.selenium.remote.RemoteWebDriver.execute(RemoteWebDriver.java:545)
	at org.openqa.selenium.remote.RemoteWebElement.execute(RemoteWebElement.java:223)
	at org.openqa.selenium.remote.RemoteWebElement.click(RemoteWebElement.java:76)
	at NormalFlowForEmployee.Delete_the_PMS_Cycle.Deletion(Delete_the_PMS_Cycle.java:48)
	at Test_Suit.SmokeTestSuite.Remove_EmployeesFromGoalPlan(SmokeTestSuite.java:203)
... Removed 26 stack frames</pre></div><a href='#' onClick='toggleBox("stack-trace452236638", this, "Click to show all stack frames", "Click to hide stack frames")'>Click to show all stack frames</a>
<div class='stack-trace' id='stack-trace452236638'><pre>org.openqa.selenium.StaleElementReferenceException: stale element reference: stale element not found in the current frame
  (Session info: chrome=135.0.7049.115)
For documentation on this error, please visit: https://www.selenium.dev/documentation/webdriver/troubleshooting/errors#stale-element-reference-exception
Build info: version: &apos;4.26.0&apos;, revision: &apos;8ccf0219d7&apos;
System info: os.name: &apos;Windows 10&apos;, os.arch: &apos;amd64&apos;, os.version: &apos;10.0&apos;, java.version: &apos;21.0.6&apos;
Driver info: org.openqa.selenium.chrome.ChromeDriver
Command: [a92cb73223bf1425f21776b2a9836484, clickElement {id=f.AEA45EEDD9A634FAA9AF84BD14831753.d.05727E3B3B21D6F4B73BD224D8833592.e.5209}]
Capabilities {acceptInsecureCerts: false, browserName: chrome, browserVersion: 135.0.7049.115, chrome: {chromedriverVersion: 135.0.7049.114 (63fd8a7d9d0..., userDataDir: C:\Users\DELL\AppData\Local...}, fedcm:accounts: true, goog:chromeOptions: {debuggerAddress: localhost:51779}, networkConnectionEnabled: false, pageLoadStrategy: normal, platformName: windows, proxy: Proxy(), se:cdp: ws://localhost:51779/devtoo..., se:cdpVersion: 135.0.7049.115, setWindowRect: true, strictFileInteractability: false, timeouts: {implicit: 0, pageLoad: 300000, script: 30000}, unhandledPromptBehavior: dismiss and notify, webauthn:extension:credBlob: true, webauthn:extension:largeBlob: true, webauthn:extension:minPinLength: true, webauthn:extension:prf: true, webauthn:virtualAuthenticators: true}
Element: [[ChromeDriver: chrome on windows (a92cb73223bf1425f21776b2a9836484)] -&gt; xpath: //div[@style=&quot;text-align:left;position:absolute;&quot;]//img[@src=&quot;asssets/media/images/plasticine/40/000000/serial-tasks.png&quot;][1]]
Session ID: a92cb73223bf1425f21776b2a9836484
	at java.base/jdk.internal.reflect.DirectConstructorHandleAccessor.newInstance(DirectConstructorHandleAccessor.java:62)
	at java.base/java.lang.reflect.Constructor.newInstanceWithCaller(Constructor.java:502)
	at java.base/java.lang.reflect.Constructor.newInstance(Constructor.java:486)
	at org.openqa.selenium.remote.ErrorCodec.decode(ErrorCodec.java:167)
	at org.openqa.selenium.remote.codec.w3c.W3CHttpResponseCodec.decode(W3CHttpResponseCodec.java:138)
	at org.openqa.selenium.remote.codec.w3c.W3CHttpResponseCodec.decode(W3CHttpResponseCodec.java:50)
	at org.openqa.selenium.remote.HttpCommandExecutor.execute(HttpCommandExecutor.java:190)
	at org.openqa.selenium.remote.service.DriverCommandExecutor.invokeExecute(DriverCommandExecutor.java:216)
	at org.openqa.selenium.remote.service.DriverCommandExecutor.execute(DriverCommandExecutor.java:174)
	at org.openqa.selenium.remote.RemoteWebDriver.execute(RemoteWebDriver.java:545)
	at org.openqa.selenium.remote.RemoteWebElement.execute(RemoteWebElement.java:223)
	at org.openqa.selenium.remote.RemoteWebElement.click(RemoteWebElement.java:76)
	at NormalFlowForEmployee.Delete_the_PMS_Cycle.Deletion(Delete_the_PMS_Cycle.java:48)
	at Test_Suit.SmokeTestSuite.Remove_EmployeesFromGoalPlan(SmokeTestSuite.java:203)
	at java.base/jdk.internal.reflect.DirectMethodHandleAccessor.invoke(DirectMethodHandleAccessor.java:103)
	at java.base/java.lang.reflect.Method.invoke(Method.java:580)
	at org.testng.internal.MethodInvocationHelper.invokeMethod(MethodInvocationHelper.java:124)
	at org.testng.internal.Invoker.invokeMethod(Invoker.java:583)
	at org.testng.internal.Invoker.invokeTestMethod(Invoker.java:719)
	at org.testng.internal.Invoker.invokeTestMethods(Invoker.java:989)
	at org.testng.internal.TestMethodWorker.invokeTestMethods(TestMethodWorker.java:125)
	at org.testng.internal.TestMethodWorker.run(TestMethodWorker.java:109)
	at org.testng.TestRunner.privateRun(TestRunner.java:648)
	at org.testng.TestRunner.run(TestRunner.java:505)
	at org.testng.SuiteRunner.runTest(SuiteRunner.java:455)
	at org.testng.SuiteRunner.runSequentially(SuiteRunner.java:450)
	at org.testng.SuiteRunner.privateRun(SuiteRunner.java:415)
	at org.testng.SuiteRunner.run(SuiteRunner.java:364)
	at org.testng.SuiteRunnerWorker.runSuite(SuiteRunnerWorker.java:52)
	at org.testng.SuiteRunnerWorker.run(SuiteRunnerWorker.java:84)
	at org.testng.TestNG.runSuitesSequentially(TestNG.java:1208)
	at org.testng.TestNG.runSuitesLocally(TestNG.java:1137)
	at org.testng.TestNG.runSuites(TestNG.java:1049)
	at org.testng.TestNG.run(TestNG.java:1017)
	at org.testng.remote.AbstractRemoteTestNG.run(AbstractRemoteTestNG.java:115)
	at org.testng.remote.RemoteTestNG.initAndRun(RemoteTestNG.java:293)
	at org.testng.remote.RemoteTestNG.main(RemoteTestNG.java:91)
</pre></div></td>
<td>25</td>
<td>Test_Suit.SmokeTestSuite@7b4c50bc</td></tr>
</table><p>
</body>
</html>