<!DOCTYPE html>

<html>
  <head>
  <meta charset='utf-8'>
  <title>TestNG reports</title>

    <link type="text/css" href="testng-reports.css" rel="stylesheet" />
    <script type="text/javascript" src="jquery-1.7.1.min.js"></script>
    <script type="text/javascript" src="testng-reports.js"></script>
    <script type="text/javascript" src="https://www.google.com/jsapi"></script>
    <script type='text/javascript'>
      google.load('visualization', '1', {packages:['table']});
      google.setOnLoadCallback(drawTable);
      var suiteTableInitFunctions = new Array();
      var suiteTableData = new Array();
    </script>
    <!--
      <script type="text/javascript" src="jquery-ui/js/jquery-ui-1.8.16.custom.min.js"></script>
     -->
  </head>

  <body>
    <div class="top-banner-root">
      <span class="top-banner-title-font">Test results</span>
      <br/>
      <span class="top-banner-font-1">1 suite, 3 failed tests</span>
    </div> <!-- top-banner-root -->
    <div class="navigator-root">
      <div class="navigator-suite-header">
        <span>All suites</span>
        <a href="#" title="Collapse/expand all the suites" class="collapse-all-link">
          <img src="collapseall.gif" class="collapse-all-icon">
          </img> <!-- collapse-all-icon -->
        </a> <!-- collapse-all-link -->
      </div> <!-- navigator-suite-header -->
      <div class="suite">
        <div class="rounded-window">
          <div class="suite-header light-rounded-window-top">
            <a href="#" panel-name="suite-Suite" class="navigator-link">
              <span class="suite-name border-failed">Suite</span>
            </a> <!-- navigator-link -->
          </div> <!-- suite-header light-rounded-window-top -->
          <div class="navigator-suite-content">
            <div class="suite-section-title">
              <span>Info</span>
            </div> <!-- suite-section-title -->
            <div class="suite-section-content">
              <ul>
                <li>
                  <a href="#" panel-name="test-xml-Suite" class="navigator-link ">
                    <span>D:\Automation\IPPBNormalFlow\NormalFlow.xml</span>
                  </a> <!-- navigator-link  -->
                </li>
                <li>
                  <a href="#" panel-name="testlist-Suite" class="navigator-link ">
                    <span class="test-stats">1 test</span>
                  </a> <!-- navigator-link  -->
                </li>
                <li>
                  <a href="#" panel-name="group-Suite" class="navigator-link ">
                    <span>0 groups</span>
                  </a> <!-- navigator-link  -->
                </li>
                <li>
                  <a href="#" panel-name="times-Suite" class="navigator-link ">
                    <span>Times</span>
                  </a> <!-- navigator-link  -->
                </li>
                <li>
                  <a href="#" panel-name="reporter-Suite" class="navigator-link ">
                    <span>Reporter output</span>
                  </a> <!-- navigator-link  -->
                </li>
                <li>
                  <a href="#" panel-name="ignored-methods-Suite" class="navigator-link ">
                    <span>Ignored methods</span>
                  </a> <!-- navigator-link  -->
                </li>
                <li>
                  <a href="#" panel-name="chronological-Suite" class="navigator-link ">
                    <span>Chronological view</span>
                  </a> <!-- navigator-link  -->
                </li>
              </ul>
            </div> <!-- suite-section-content -->
            <div class="result-section">
              <div class="suite-section-title">
                <span>Results</span>
              </div> <!-- suite-section-title -->
              <div class="suite-section-content">
                <ul>
                  <li>
                    <span class="method-stats">16 methods, 3 failed,  8 skipped,  5 passed</span>
                  </li>
                  <li>
                    <span class="method-list-title failed">Failed methods</span>
                    <span class="show-or-hide-methods failed">
                      <a href="#" panel-name="suite-Suite" class="hide-methods failed suite-Suite"> (hide)</a> <!-- hide-methods failed suite-Suite -->
                      <a href="#" panel-name="suite-Suite" class="show-methods failed suite-Suite"> (show)</a> <!-- show-methods failed suite-Suite -->
                    </span>
                    <div class="method-list-content failed suite-Suite">
                      <span>
                        <img src="failed.png" width="3%"/>
                        <a href="#" panel-name="suite-Suite" title="Test_Suit.SmokeTestSuite" class="method navigator-link" hash-for-method="DeletionOf_PMSCycleAndGoalPlan">DeletionOf_PMSCycleAndGoalPlan</a> <!-- method navigator-link -->
                      </span>
                      <br/>
                      <span>
                        <img src="failed.png" width="3%"/>
                        <a href="#" panel-name="suite-Suite" title="Test_Suit.SmokeTestSuite" class="method navigator-link" hash-for-method="Employee_AssessmentSubmission">Employee_AssessmentSubmission</a> <!-- method navigator-link -->
                      </span>
                      <br/>
                      <span>
                        <img src="failed.png" width="3%"/>
                        <a href="#" panel-name="suite-Suite" title="Test_Suit.SmokeTestSuite" class="method navigator-link" hash-for-method="Remove_EmployeesFromGoalPlan">Remove_EmployeesFromGoalPlan</a> <!-- method navigator-link -->
                      </span>
                      <br/>
                    </div> <!-- method-list-content failed suite-Suite -->
                  </li>
                  <li>
                    <span class="method-list-title skipped">Skipped methods</span>
                    <span class="show-or-hide-methods skipped">
                      <a href="#" panel-name="suite-Suite" class="hide-methods skipped suite-Suite"> (hide)</a> <!-- hide-methods skipped suite-Suite -->
                      <a href="#" panel-name="suite-Suite" class="show-methods skipped suite-Suite"> (show)</a> <!-- show-methods skipped suite-Suite -->
                    </span>
                    <div class="method-list-content skipped suite-Suite">
                      <span>
                        <img src="skipped.png" width="3%"/>
                        <a href="#" panel-name="suite-Suite" title="Test_Suit.SmokeTestSuite" class="method navigator-link" hash-for-method="DeletionOf_PMSCycleAndGoalPlan">DeletionOf_PMSCycleAndGoalPlan</a> <!-- method navigator-link -->
                      </span>
                      <br/>
                      <span>
                        <img src="skipped.png" width="3%"/>
                        <a href="#" panel-name="suite-Suite" title="Test_Suit.SmokeTestSuite" class="method navigator-link" hash-for-method="Employee_AssessmentSubmission">Employee_AssessmentSubmission</a> <!-- method navigator-link -->
                      </span>
                      <br/>
                      <span>
                        <img src="skipped.png" width="3%"/>
                        <a href="#" panel-name="suite-Suite" title="Test_Suit.SmokeTestSuite" class="method navigator-link" hash-for-method="Finalize_Emp_Appraisal">Finalize_Emp_Appraisal</a> <!-- method navigator-link -->
                      </span>
                      <br/>
                      <span>
                        <img src="skipped.png" width="3%"/>
                        <a href="#" panel-name="suite-Suite" title="Test_Suit.SmokeTestSuite" class="method navigator-link" hash-for-method="Manager_AssessmentSubmissionTo_Skip">Manager_AssessmentSubmissionTo_Skip</a> <!-- method navigator-link -->
                      </span>
                      <br/>
                      <span>
                        <img src="skipped.png" width="3%"/>
                        <a href="#" panel-name="suite-Suite" title="Test_Suit.SmokeTestSuite" class="method navigator-link" hash-for-method="OnToOneMeeting_Employee">OnToOneMeeting_Employee</a> <!-- method navigator-link -->
                      </span>
                      <br/>
                      <span>
                        <img src="skipped.png" width="3%"/>
                        <a href="#" panel-name="suite-Suite" title="Test_Suit.SmokeTestSuite" class="method navigator-link" hash-for-method="OneToOneMeeting_Manager">OneToOneMeeting_Manager</a> <!-- method navigator-link -->
                      </span>
                      <br/>
                      <span>
                        <img src="skipped.png" width="3%"/>
                        <a href="#" panel-name="suite-Suite" title="Test_Suit.SmokeTestSuite" class="method navigator-link" hash-for-method="Remove_EmployeesFromGoalPlan">Remove_EmployeesFromGoalPlan</a> <!-- method navigator-link -->
                      </span>
                      <br/>
                      <span>
                        <img src="skipped.png" width="3%"/>
                        <a href="#" panel-name="suite-Suite" title="Test_Suit.SmokeTestSuite" class="method navigator-link" hash-for-method="Skip_Approval">Skip_Approval</a> <!-- method navigator-link -->
                      </span>
                      <br/>
                    </div> <!-- method-list-content skipped suite-Suite -->
                  </li>
                  <li>
                    <span class="method-list-title passed">Passed methods</span>
                    <span class="show-or-hide-methods passed">
                      <a href="#" panel-name="suite-Suite" class="hide-methods passed suite-Suite"> (hide)</a> <!-- hide-methods passed suite-Suite -->
                      <a href="#" panel-name="suite-Suite" class="show-methods passed suite-Suite"> (show)</a> <!-- show-methods passed suite-Suite -->
                    </span>
                    <div class="method-list-content passed suite-Suite">
                      <span>
                        <img src="passed.png" width="3%"/>
                        <a href="#" panel-name="suite-Suite" title="Test_Suit.SmokeTestSuite" class="method navigator-link" hash-for-method="AddGoalPlan">AddGoalPlan</a> <!-- method navigator-link -->
                      </span>
                      <br/>
                      <span>
                        <img src="passed.png" width="3%"/>
                        <a href="#" panel-name="suite-Suite" title="Test_Suit.SmokeTestSuite" class="method navigator-link" hash-for-method="AddPMSCycle">AddPMSCycle</a> <!-- method navigator-link -->
                      </span>
                      <br/>
                      <span>
                        <img src="passed.png" width="3%"/>
                        <a href="#" panel-name="suite-Suite" title="Test_Suit.SmokeTestSuite" class="method navigator-link" hash-for-method="EnableIPPBConfigs">EnableIPPBConfigs</a> <!-- method navigator-link -->
                      </span>
                      <br/>
                      <span>
                        <img src="passed.png" width="3%"/>
                        <a href="#" panel-name="suite-Suite" title="Test_Suit.SmokeTestSuite" class="method navigator-link" hash-for-method="Initiate_PMSCycle">Initiate_PMSCycle</a> <!-- method navigator-link -->
                      </span>
                      <br/>
                      <span>
                        <img src="passed.png" width="3%"/>
                        <a href="#" panel-name="suite-Suite" title="Test_Suit.SmokeTestSuite" class="method navigator-link" hash-for-method="Manager_AddGoalTo_Emp">Manager_AddGoalTo_Emp</a> <!-- method navigator-link -->
                      </span>
                      <br/>
                    </div> <!-- method-list-content passed suite-Suite -->
                  </li>
                </ul>
              </div> <!-- suite-section-content -->
            </div> <!-- result-section -->
          </div> <!-- navigator-suite-content -->
        </div> <!-- rounded-window -->
      </div> <!-- suite -->
    </div> <!-- navigator-root -->
    <div class="wrapper">
      <div class="main-panel-root">
        <div panel-name="suite-Suite" class="panel Suite">
          <div class="suite-Suite-class-failed">
            <div class="main-panel-header rounded-window-top">
              <img src="failed.png"/>
              <span class="class-name">Test_Suit.SmokeTestSuite</span>
            </div> <!-- main-panel-header rounded-window-top -->
            <div class="main-panel-content rounded-window-bottom">
              <div class="method">
                <div class="method-content">
                  <a name="DeletionOf_PMSCycleAndGoalPlan">
                  </a> <!-- DeletionOf_PMSCycleAndGoalPlan -->
                  <span class="method-name">DeletionOf_PMSCycleAndGoalPlan</span>
                  <div class="stack-trace">org.openqa.selenium.NoSuchElementException: no such element: Unable to locate element: {&quot;method&quot;:&quot;xpath&quot;,&quot;selector&quot;:&quot;//div[contains(text(),&apos;Performance Review Cycle deleted successfully &apos;)]&quot;}
  (Session info: chrome=135.0.7049.115)
For documentation on this error, please visit: https://www.selenium.dev/documentation/webdriver/troubleshooting/errors#no-such-element-exception
Build info: version: &apos;4.26.0&apos;, revision: &apos;8ccf0219d7&apos;
System info: os.name: &apos;Windows 10&apos;, os.arch: &apos;amd64&apos;, os.version: &apos;10.0&apos;, java.version: &apos;21.0.6&apos;
Driver info: org.openqa.selenium.chrome.ChromeDriver
Command: [12d7fe5d30c0b22c6a626d59d1859733, findElement {using=xpath, value=//div[contains(text(),&apos;Performance Review Cycle deleted successfully &apos;)]}]
Capabilities {acceptInsecureCerts: false, browserName: chrome, browserVersion: 135.0.7049.115, chrome: {chromedriverVersion: 135.0.7049.114 (63fd8a7d9d0..., userDataDir: C:\Users\DELL\AppData\Local...}, fedcm:accounts: true, goog:chromeOptions: {debuggerAddress: localhost:52228}, networkConnectionEnabled: false, pageLoadStrategy: normal, platformName: windows, proxy: Proxy(), se:cdp: ws://localhost:52228/devtoo..., se:cdpVersion: 135.0.7049.115, setWindowRect: true, strictFileInteractability: false, timeouts: {implicit: 0, pageLoad: 300000, script: 30000}, unhandledPromptBehavior: dismiss and notify, webauthn:extension:credBlob: true, webauthn:extension:largeBlob: true, webauthn:extension:minPinLength: true, webauthn:extension:prf: true, webauthn:virtualAuthenticators: true}
Session ID: 12d7fe5d30c0b22c6a626d59d1859733
	at org.openqa.selenium.remote.ErrorCodec.decode(ErrorCodec.java:167)
	at org.openqa.selenium.remote.codec.w3c.W3CHttpResponseCodec.decode(W3CHttpResponseCodec.java:138)
	at org.openqa.selenium.remote.codec.w3c.W3CHttpResponseCodec.decode(W3CHttpResponseCodec.java:50)
	at org.openqa.selenium.remote.HttpCommandExecutor.execute(HttpCommandExecutor.java:190)
	at org.openqa.selenium.remote.service.DriverCommandExecutor.invokeExecute(DriverCommandExecutor.java:216)
	at org.openqa.selenium.remote.service.DriverCommandExecutor.execute(DriverCommandExecutor.java:174)
	at org.openqa.selenium.remote.RemoteWebDriver.execute(RemoteWebDriver.java:545)
	at org.openqa.selenium.remote.ElementLocation$ElementFinder$2.findElement(ElementLocation.java:165)
	at org.openqa.selenium.remote.ElementLocation.findElement(ElementLocation.java:59)
	at org.openqa.selenium.remote.RemoteWebDriver.findElement(RemoteWebDriver.java:368)
	at org.openqa.selenium.remote.RemoteWebDriver.findElement(RemoteWebDriver.java:362)
	at NormalFlowForEmployee.Delete_Goal_Plan_and_PMS_Cycle.isPMSDeleted(Delete_Goal_Plan_and_PMS_Cycle.java:89)
	at Test_Suit.SmokeTestSuite.DeletionOf_PMSCycleAndGoalPlan(SmokeTestSuite.java:217)
... Removed 26 stack frames
</div> <!-- stack-trace -->
                </div> <!-- method-content -->
              </div> <!-- method -->
              <div class="method">
                <div class="method-content">
                  <a name="Employee_AssessmentSubmission">
                  </a> <!-- Employee_AssessmentSubmission -->
                  <span class="method-name">Employee_AssessmentSubmission</span>
                  <div class="stack-trace">org.openqa.selenium.ElementNotInteractableException: element not interactable
  (Session info: chrome=135.0.7049.115)
Build info: version: &apos;4.26.0&apos;, revision: &apos;8ccf0219d7&apos;
System info: os.name: &apos;Windows 10&apos;, os.arch: &apos;amd64&apos;, os.version: &apos;10.0&apos;, java.version: &apos;21.0.6&apos;
Driver info: org.openqa.selenium.chrome.ChromeDriver
Command: [12d7fe5d30c0b22c6a626d59d1859733, sendKeysToElement {id=f.3C1D2D3DDAA18E680CD822F06771584B.d.8BBA7E5489F06BC739D76DDC92A1D930.e.3132, value=[Ljava.lang.CharSequence;@35e98af}]
Capabilities {acceptInsecureCerts: false, browserName: chrome, browserVersion: 135.0.7049.115, chrome: {chromedriverVersion: 135.0.7049.114 (63fd8a7d9d0..., userDataDir: C:\Users\DELL\AppData\Local...}, fedcm:accounts: true, goog:chromeOptions: {debuggerAddress: localhost:52228}, networkConnectionEnabled: false, pageLoadStrategy: normal, platformName: windows, proxy: Proxy(), se:cdp: ws://localhost:52228/devtoo..., se:cdpVersion: 135.0.7049.115, setWindowRect: true, strictFileInteractability: false, timeouts: {implicit: 0, pageLoad: 300000, script: 30000}, unhandledPromptBehavior: dismiss and notify, webauthn:extension:credBlob: true, webauthn:extension:largeBlob: true, webauthn:extension:minPinLength: true, webauthn:extension:prf: true, webauthn:virtualAuthenticators: true}
Element: [[ChromeDriver: chrome on windows (12d7fe5d30c0b22c6a626d59d1859733)] -&gt; id: goal_comments1]
Session ID: 12d7fe5d30c0b22c6a626d59d1859733
	at org.openqa.selenium.remote.ErrorCodec.decode(ErrorCodec.java:167)
	at org.openqa.selenium.remote.codec.w3c.W3CHttpResponseCodec.decode(W3CHttpResponseCodec.java:138)
	at org.openqa.selenium.remote.codec.w3c.W3CHttpResponseCodec.decode(W3CHttpResponseCodec.java:50)
	at org.openqa.selenium.remote.HttpCommandExecutor.execute(HttpCommandExecutor.java:190)
	at org.openqa.selenium.remote.service.DriverCommandExecutor.invokeExecute(DriverCommandExecutor.java:216)
	at org.openqa.selenium.remote.service.DriverCommandExecutor.execute(DriverCommandExecutor.java:174)
	at org.openqa.selenium.remote.RemoteWebDriver.execute(RemoteWebDriver.java:545)
	at org.openqa.selenium.remote.RemoteWebElement.execute(RemoteWebElement.java:223)
	at org.openqa.selenium.remote.RemoteWebElement.sendKeys(RemoteWebElement.java:110)
	at NormalFlowForEmployee.emp_assesment_Submission.EmployeeComment(emp_assesment_Submission.java:110)
	at NormalFlowForEmployee.emp_assesment_Submission.selectGoalCycle(emp_assesment_Submission.java:67)
	at Test_Suit.SmokeTestSuite.Employee_AssessmentSubmission(SmokeTestSuite.java:130)
... Removed 26 stack frames
</div> <!-- stack-trace -->
                </div> <!-- method-content -->
              </div> <!-- method -->
              <div class="method">
                <div class="method-content">
                  <a name="Remove_EmployeesFromGoalPlan">
                  </a> <!-- Remove_EmployeesFromGoalPlan -->
                  <span class="method-name">Remove_EmployeesFromGoalPlan</span>
                  <div class="stack-trace">org.openqa.selenium.NoSuchElementException: no such element: Unable to locate element: {&quot;method&quot;:&quot;xpath&quot;,&quot;selector&quot;:&quot;//span[contains(text(),&apos;0-1000 of 0&apos;)]&quot;}
  (Session info: chrome=135.0.7049.115)
For documentation on this error, please visit: https://www.selenium.dev/documentation/webdriver/troubleshooting/errors#no-such-element-exception
Build info: version: &apos;4.26.0&apos;, revision: &apos;8ccf0219d7&apos;
System info: os.name: &apos;Windows 10&apos;, os.arch: &apos;amd64&apos;, os.version: &apos;10.0&apos;, java.version: &apos;21.0.6&apos;
Driver info: org.openqa.selenium.chrome.ChromeDriver
Command: [12d7fe5d30c0b22c6a626d59d1859733, findElement {using=xpath, value=//span[contains(text(),&apos;0-1000 of 0&apos;)]}]
Capabilities {acceptInsecureCerts: false, browserName: chrome, browserVersion: 135.0.7049.115, chrome: {chromedriverVersion: 135.0.7049.114 (63fd8a7d9d0..., userDataDir: C:\Users\DELL\AppData\Local...}, fedcm:accounts: true, goog:chromeOptions: {debuggerAddress: localhost:52228}, networkConnectionEnabled: false, pageLoadStrategy: normal, platformName: windows, proxy: Proxy(), se:cdp: ws://localhost:52228/devtoo..., se:cdpVersion: 135.0.7049.115, setWindowRect: true, strictFileInteractability: false, timeouts: {implicit: 0, pageLoad: 300000, script: 30000}, unhandledPromptBehavior: dismiss and notify, webauthn:extension:credBlob: true, webauthn:extension:largeBlob: true, webauthn:extension:minPinLength: true, webauthn:extension:prf: true, webauthn:virtualAuthenticators: true}
Session ID: 12d7fe5d30c0b22c6a626d59d1859733
	at org.openqa.selenium.remote.ErrorCodec.decode(ErrorCodec.java:167)
	at org.openqa.selenium.remote.codec.w3c.W3CHttpResponseCodec.decode(W3CHttpResponseCodec.java:138)
	at org.openqa.selenium.remote.codec.w3c.W3CHttpResponseCodec.decode(W3CHttpResponseCodec.java:50)
	at org.openqa.selenium.remote.HttpCommandExecutor.execute(HttpCommandExecutor.java:190)
	at org.openqa.selenium.remote.service.DriverCommandExecutor.invokeExecute(DriverCommandExecutor.java:216)
	at org.openqa.selenium.remote.service.DriverCommandExecutor.execute(DriverCommandExecutor.java:174)
	at org.openqa.selenium.remote.RemoteWebDriver.execute(RemoteWebDriver.java:545)
	at org.openqa.selenium.remote.ElementLocation$ElementFinder$2.findElement(ElementLocation.java:165)
	at org.openqa.selenium.remote.ElementLocation.findElement(ElementLocation.java:59)
	at org.openqa.selenium.remote.RemoteWebDriver.findElement(RemoteWebDriver.java:368)
	at org.openqa.selenium.remote.RemoteWebDriver.findElement(RemoteWebDriver.java:362)
	at NormalFlowForEmployee.Delete_the_PMS_Cycle.isDeleted(Delete_the_PMS_Cycle.java:150)
	at Test_Suit.SmokeTestSuite.Remove_EmployeesFromGoalPlan(SmokeTestSuite.java:204)
... Removed 26 stack frames
</div> <!-- stack-trace -->
                </div> <!-- method-content -->
              </div> <!-- method -->
            </div> <!-- main-panel-content rounded-window-bottom -->
          </div> <!-- suite-Suite-class-failed -->
          <div class="suite-Suite-class-skipped">
            <div class="main-panel-header rounded-window-top">
              <img src="skipped.png"/>
              <span class="class-name">Test_Suit.SmokeTestSuite</span>
            </div> <!-- main-panel-header rounded-window-top -->
            <div class="main-panel-content rounded-window-bottom">
              <div class="method">
                <div class="method-content">
                  <a name="DeletionOf_PMSCycleAndGoalPlan">
                  </a> <!-- DeletionOf_PMSCycleAndGoalPlan -->
                  <span class="method-name">DeletionOf_PMSCycleAndGoalPlan</span>
                  <div class="stack-trace">org.openqa.selenium.ElementClickInterceptedException: element click intercepted: Element &lt;h3&gt;...&lt;/h3&gt; is not clickable at point (513, 876). Other element would receive the click: &lt;div class=&quot;text-center&quot;&gt;...&lt;/div&gt;
  (Session info: chrome=135.0.7049.115)
Build info: version: &apos;4.26.0&apos;, revision: &apos;8ccf0219d7&apos;
System info: os.name: &apos;Windows 10&apos;, os.arch: &apos;amd64&apos;, os.version: &apos;10.0&apos;, java.version: &apos;21.0.6&apos;
Driver info: org.openqa.selenium.chrome.ChromeDriver
Command: [12d7fe5d30c0b22c6a626d59d1859733, clickElement {id=f.3C1D2D3DDAA18E680CD822F06771584B.d.47035D290E5575A1003D99F26EA73BE9.e.3621}]
Capabilities {acceptInsecureCerts: false, browserName: chrome, browserVersion: 135.0.7049.115, chrome: {chromedriverVersion: 135.0.7049.114 (63fd8a7d9d0..., userDataDir: C:\Users\DELL\AppData\Local...}, fedcm:accounts: true, goog:chromeOptions: {debuggerAddress: localhost:52228}, networkConnectionEnabled: false, pageLoadStrategy: normal, platformName: windows, proxy: Proxy(), se:cdp: ws://localhost:52228/devtoo..., se:cdpVersion: 135.0.7049.115, setWindowRect: true, strictFileInteractability: false, timeouts: {implicit: 0, pageLoad: 300000, script: 30000}, unhandledPromptBehavior: dismiss and notify, webauthn:extension:credBlob: true, webauthn:extension:largeBlob: true, webauthn:extension:minPinLength: true, webauthn:extension:prf: true, webauthn:virtualAuthenticators: true}
Element: [[ChromeDriver: chrome on windows (12d7fe5d30c0b22c6a626d59d1859733)] -&gt; xpath: (//h3[contains(text(),&apos;Performance Review Cycle Management&apos;)])[1]]
Session ID: 12d7fe5d30c0b22c6a626d59d1859733
	at org.openqa.selenium.remote.ErrorCodec.decode(ErrorCodec.java:167)
	at org.openqa.selenium.remote.codec.w3c.W3CHttpResponseCodec.decode(W3CHttpResponseCodec.java:138)
	at org.openqa.selenium.remote.codec.w3c.W3CHttpResponseCodec.decode(W3CHttpResponseCodec.java:50)
	at org.openqa.selenium.remote.HttpCommandExecutor.execute(HttpCommandExecutor.java:190)
	at org.openqa.selenium.remote.service.DriverCommandExecutor.invokeExecute(DriverCommandExecutor.java:216)
	at org.openqa.selenium.remote.service.DriverCommandExecutor.execute(DriverCommandExecutor.java:174)
	at org.openqa.selenium.remote.RemoteWebDriver.execute(RemoteWebDriver.java:545)
	at org.openqa.selenium.remote.RemoteWebElement.execute(RemoteWebElement.java:223)
	at org.openqa.selenium.remote.RemoteWebElement.click(RemoteWebElement.java:76)
	at NormalFlowForEmployee.Delete_Goal_Plan_and_PMS_Cycle.DeletionPMSCycle(Delete_Goal_Plan_and_PMS_Cycle.java:31)
	at Test_Suit.SmokeTestSuite.DeletionOf_PMSCycleAndGoalPlan(SmokeTestSuite.java:216)
... Removed 26 stack frames
</div> <!-- stack-trace -->
                </div> <!-- method-content -->
              </div> <!-- method -->
              <div class="method">
                <div class="method-content">
                  <a name="Employee_AssessmentSubmission">
                  </a> <!-- Employee_AssessmentSubmission -->
                  <span class="method-name">Employee_AssessmentSubmission</span>
                  <div class="stack-trace">org.openqa.selenium.TimeoutException: Expected condition failed: waiting for visibility of element located by By.xpath: //span[contains(text(),&apos;Self Review Completed&apos;)] (tried for 40 second(s) with 500 milliseconds interval)
Build info: version: &apos;4.26.0&apos;, revision: &apos;8ccf0219d7&apos;
System info: os.name: &apos;Windows 10&apos;, os.arch: &apos;amd64&apos;, os.version: &apos;10.0&apos;, java.version: &apos;21.0.6&apos;
Driver info: org.openqa.selenium.chrome.ChromeDriver
Capabilities {acceptInsecureCerts: false, browserName: chrome, browserVersion: 135.0.7049.115, chrome: {chromedriverVersion: 135.0.7049.114 (63fd8a7d9d0..., userDataDir: C:\Users\DELL\AppData\Local...}, fedcm:accounts: true, goog:chromeOptions: {debuggerAddress: localhost:52228}, networkConnectionEnabled: false, pageLoadStrategy: normal, platformName: windows, proxy: Proxy(), se:cdp: ws://localhost:52228/devtoo..., se:cdpVersion: 135.0.7049.115, setWindowRect: true, strictFileInteractability: false, timeouts: {implicit: 0, pageLoad: 300000, script: 30000}, unhandledPromptBehavior: dismiss and notify, webauthn:extension:credBlob: true, webauthn:extension:largeBlob: true, webauthn:extension:minPinLength: true, webauthn:extension:prf: true, webauthn:virtualAuthenticators: true}
Session ID: 12d7fe5d30c0b22c6a626d59d1859733
	at org.openqa.selenium.support.ui.WebDriverWait.timeoutException(WebDriverWait.java:84)
	at org.openqa.selenium.support.ui.FluentWait.until(FluentWait.java:228)
	at NormalFlowForEmployee.emp_assesment_Submission.isSelfsub(emp_assesment_Submission.java:122)
	at Test_Suit.SmokeTestSuite.Employee_AssessmentSubmission(SmokeTestSuite.java:131)
... Removed 23 stack frames
</div> <!-- stack-trace -->
                </div> <!-- method-content -->
              </div> <!-- method -->
              <div class="method">
                <div class="method-content">
                  <a name="Finalize_Emp_Appraisal">
                  </a> <!-- Finalize_Emp_Appraisal -->
                  <span class="method-name">Finalize_Emp_Appraisal</span>
                  <div class="stack-trace">java.lang.Throwable: Method SmokeTestSuite.Finalize_Emp_Appraisal()[pri:11, instance:Test_Suit.SmokeTestSuite@7b4c50bc] depends on not successfully finished methods
... Removed 18 stack frames
</div> <!-- stack-trace -->
                </div> <!-- method-content -->
              </div> <!-- method -->
              <div class="method">
                <div class="method-content">
                  <a name="Manager_AssessmentSubmissionTo_Skip">
                  </a> <!-- Manager_AssessmentSubmissionTo_Skip -->
                  <span class="method-name">Manager_AssessmentSubmissionTo_Skip</span>
                  <div class="stack-trace">java.lang.Throwable: Method SmokeTestSuite.Manager_AssessmentSubmissionTo_Skip()[pri:7, instance:Test_Suit.SmokeTestSuite@7b4c50bc] depends on not successfully finished methods
... Removed 18 stack frames
</div> <!-- stack-trace -->
                </div> <!-- method-content -->
              </div> <!-- method -->
              <div class="method">
                <div class="method-content">
                  <a name="OnToOneMeeting_Employee">
                  </a> <!-- OnToOneMeeting_Employee -->
                  <span class="method-name">OnToOneMeeting_Employee</span>
                  <div class="stack-trace">java.lang.Throwable: Method SmokeTestSuite.OnToOneMeeting_Employee()[pri:10, instance:Test_Suit.SmokeTestSuite@7b4c50bc] depends on not successfully finished methods
... Removed 18 stack frames
</div> <!-- stack-trace -->
                </div> <!-- method-content -->
              </div> <!-- method -->
              <div class="method">
                <div class="method-content">
                  <a name="OneToOneMeeting_Manager">
                  </a> <!-- OneToOneMeeting_Manager -->
                  <span class="method-name">OneToOneMeeting_Manager</span>
                  <div class="stack-trace">java.lang.Throwable: Method SmokeTestSuite.OneToOneMeeting_Manager()[pri:9, instance:Test_Suit.SmokeTestSuite@7b4c50bc] depends on not successfully finished methods
... Removed 18 stack frames
</div> <!-- stack-trace -->
                </div> <!-- method-content -->
              </div> <!-- method -->
              <div class="method">
                <div class="method-content">
                  <a name="Remove_EmployeesFromGoalPlan">
                  </a> <!-- Remove_EmployeesFromGoalPlan -->
                  <span class="method-name">Remove_EmployeesFromGoalPlan</span>
                  <div class="stack-trace">org.openqa.selenium.NoSuchElementException: no such element: Unable to locate element: {&quot;method&quot;:&quot;xpath&quot;,&quot;selector&quot;:&quot;//span[contains(text(),&apos;0-1000 of 0&apos;)]&quot;}
  (Session info: chrome=135.0.7049.115)
For documentation on this error, please visit: https://www.selenium.dev/documentation/webdriver/troubleshooting/errors#no-such-element-exception
Build info: version: &apos;4.26.0&apos;, revision: &apos;8ccf0219d7&apos;
System info: os.name: &apos;Windows 10&apos;, os.arch: &apos;amd64&apos;, os.version: &apos;10.0&apos;, java.version: &apos;21.0.6&apos;
Driver info: org.openqa.selenium.chrome.ChromeDriver
Command: [12d7fe5d30c0b22c6a626d59d1859733, findElement {using=xpath, value=//span[contains(text(),&apos;0-1000 of 0&apos;)]}]
Capabilities {acceptInsecureCerts: false, browserName: chrome, browserVersion: 135.0.7049.115, chrome: {chromedriverVersion: 135.0.7049.114 (63fd8a7d9d0..., userDataDir: C:\Users\DELL\AppData\Local...}, fedcm:accounts: true, goog:chromeOptions: {debuggerAddress: localhost:52228}, networkConnectionEnabled: false, pageLoadStrategy: normal, platformName: windows, proxy: Proxy(), se:cdp: ws://localhost:52228/devtoo..., se:cdpVersion: 135.0.7049.115, setWindowRect: true, strictFileInteractability: false, timeouts: {implicit: 0, pageLoad: 300000, script: 30000}, unhandledPromptBehavior: dismiss and notify, webauthn:extension:credBlob: true, webauthn:extension:largeBlob: true, webauthn:extension:minPinLength: true, webauthn:extension:prf: true, webauthn:virtualAuthenticators: true}
Session ID: 12d7fe5d30c0b22c6a626d59d1859733
	at org.openqa.selenium.remote.ErrorCodec.decode(ErrorCodec.java:167)
	at org.openqa.selenium.remote.codec.w3c.W3CHttpResponseCodec.decode(W3CHttpResponseCodec.java:138)
	at org.openqa.selenium.remote.codec.w3c.W3CHttpResponseCodec.decode(W3CHttpResponseCodec.java:50)
	at org.openqa.selenium.remote.HttpCommandExecutor.execute(HttpCommandExecutor.java:190)
	at org.openqa.selenium.remote.service.DriverCommandExecutor.invokeExecute(DriverCommandExecutor.java:216)
	at org.openqa.selenium.remote.service.DriverCommandExecutor.execute(DriverCommandExecutor.java:174)
	at org.openqa.selenium.remote.RemoteWebDriver.execute(RemoteWebDriver.java:545)
	at org.openqa.selenium.remote.ElementLocation$ElementFinder$2.findElement(ElementLocation.java:165)
	at org.openqa.selenium.remote.ElementLocation.findElement(ElementLocation.java:59)
	at org.openqa.selenium.remote.RemoteWebDriver.findElement(RemoteWebDriver.java:368)
	at org.openqa.selenium.remote.RemoteWebDriver.findElement(RemoteWebDriver.java:362)
	at NormalFlowForEmployee.Delete_the_PMS_Cycle.isDeleted(Delete_the_PMS_Cycle.java:150)
	at Test_Suit.SmokeTestSuite.Remove_EmployeesFromGoalPlan(SmokeTestSuite.java:204)
... Removed 26 stack frames
</div> <!-- stack-trace -->
                </div> <!-- method-content -->
              </div> <!-- method -->
              <div class="method">
                <div class="method-content">
                  <a name="Skip_Approval">
                  </a> <!-- Skip_Approval -->
                  <span class="method-name">Skip_Approval</span>
                  <div class="stack-trace">java.lang.Throwable: Method SmokeTestSuite.Skip_Approval()[pri:8, instance:Test_Suit.SmokeTestSuite@7b4c50bc] depends on not successfully finished methods
... Removed 18 stack frames
</div> <!-- stack-trace -->
                </div> <!-- method-content -->
              </div> <!-- method -->
            </div> <!-- main-panel-content rounded-window-bottom -->
          </div> <!-- suite-Suite-class-skipped -->
          <div class="suite-Suite-class-passed">
            <div class="main-panel-header rounded-window-top">
              <img src="passed.png"/>
              <span class="class-name">Test_Suit.SmokeTestSuite</span>
            </div> <!-- main-panel-header rounded-window-top -->
            <div class="main-panel-content rounded-window-bottom">
              <div class="method">
                <div class="method-content">
                  <a name="AddGoalPlan">
                  </a> <!-- AddGoalPlan -->
                  <span class="method-name">AddGoalPlan</span>
                </div> <!-- method-content -->
              </div> <!-- method -->
              <div class="method">
                <div class="method-content">
                  <a name="AddPMSCycle">
                  </a> <!-- AddPMSCycle -->
                  <span class="method-name">AddPMSCycle</span>
                </div> <!-- method-content -->
              </div> <!-- method -->
              <div class="method">
                <div class="method-content">
                  <a name="EnableIPPBConfigs">
                  </a> <!-- EnableIPPBConfigs -->
                  <span class="method-name">EnableIPPBConfigs</span>
                </div> <!-- method-content -->
              </div> <!-- method -->
              <div class="method">
                <div class="method-content">
                  <a name="Initiate_PMSCycle">
                  </a> <!-- Initiate_PMSCycle -->
                  <span class="method-name">Initiate_PMSCycle</span>
                </div> <!-- method-content -->
              </div> <!-- method -->
              <div class="method">
                <div class="method-content">
                  <a name="Manager_AddGoalTo_Emp">
                  </a> <!-- Manager_AddGoalTo_Emp -->
                  <span class="method-name">Manager_AddGoalTo_Emp</span>
                </div> <!-- method-content -->
              </div> <!-- method -->
            </div> <!-- main-panel-content rounded-window-bottom -->
          </div> <!-- suite-Suite-class-passed -->
        </div> <!-- panel Suite -->
        <div panel-name="test-xml-Suite" class="panel">
          <div class="main-panel-header rounded-window-top">
            <span class="header-content">D:\Automation\IPPBNormalFlow\NormalFlow.xml</span>
          </div> <!-- main-panel-header rounded-window-top -->
          <div class="main-panel-content rounded-window-bottom">
            <pre>
&lt;?xml version=&quot;1.0&quot; encoding=&quot;UTF-8&quot;?&gt;
&lt;!DOCTYPE suite SYSTEM &quot;http://testng.org/testng-1.0.dtd&quot;&gt;
&lt;suite name=&quot;Suite&quot; guice-stage=&quot;DEVELOPMENT&quot;&gt;
  &lt;listeners&gt;
    &lt;listener class-name=&quot;normalFlowTest.CustomReportListener&quot;/&gt;
    &lt;listener class-name=&quot;normalFlowTest.TestFailureListener&quot;/&gt;
  &lt;/listeners&gt;
  &lt;test thread-count=&quot;5&quot; name=&quot;Smoke testing&quot;&gt;
    &lt;classes&gt;
      &lt;class name=&quot;Test_Suit.SmokeTestSuite&quot;/&gt;
    &lt;/classes&gt;
  &lt;/test&gt; &lt;!-- Smoke testing --&gt;
&lt;/suite&gt; &lt;!-- Suite --&gt;
            </pre>
          </div> <!-- main-panel-content rounded-window-bottom -->
        </div> <!-- panel -->
        <div panel-name="testlist-Suite" class="panel">
          <div class="main-panel-header rounded-window-top">
            <span class="header-content">Tests for Suite</span>
          </div> <!-- main-panel-header rounded-window-top -->
          <div class="main-panel-content rounded-window-bottom">
            <ul>
              <li>
                <span class="test-name">Smoke testing (1 class)</span>
              </li>
            </ul>
          </div> <!-- main-panel-content rounded-window-bottom -->
        </div> <!-- panel -->
        <div panel-name="group-Suite" class="panel">
          <div class="main-panel-header rounded-window-top">
            <span class="header-content">Groups for Suite</span>
          </div> <!-- main-panel-header rounded-window-top -->
          <div class="main-panel-content rounded-window-bottom">
          </div> <!-- main-panel-content rounded-window-bottom -->
        </div> <!-- panel -->
        <div panel-name="times-Suite" class="panel">
          <div class="main-panel-header rounded-window-top">
            <span class="header-content">Times for Suite</span>
          </div> <!-- main-panel-header rounded-window-top -->
          <div class="main-panel-content rounded-window-bottom">
            <div class="times-div">
              <script type="text/javascript">
suiteTableInitFunctions.push('tableData_Suite');
function tableData_Suite() {
var data = new google.visualization.DataTable();
data.addColumn('number', 'Number');
data.addColumn('string', 'Method');
data.addColumn('string', 'Class');
data.addColumn('number', 'Time (ms)');
data.addRows(16);
data.setCell(0, 0, 0)
data.setCell(0, 1, 'Employee_AssessmentSubmission')
data.setCell(0, 2, 'Test_Suit.SmokeTestSuite')
data.setCell(0, 3, 57175);
data.setCell(1, 0, 1)
data.setCell(1, 1, 'Manager_AddGoalTo_Emp')
data.setCell(1, 2, 'Test_Suit.SmokeTestSuite')
data.setCell(1, 3, 41673);
data.setCell(2, 0, 2)
data.setCell(2, 1, 'EnableIPPBConfigs')
data.setCell(2, 2, 'Test_Suit.SmokeTestSuite')
data.setCell(2, 3, 25021);
data.setCell(3, 0, 3)
data.setCell(3, 1, 'Remove_EmployeesFromGoalPlan')
data.setCell(3, 2, 'Test_Suit.SmokeTestSuite')
data.setCell(3, 3, 21867);
data.setCell(4, 0, 4)
data.setCell(4, 1, 'Remove_EmployeesFromGoalPlan')
data.setCell(4, 2, 'Test_Suit.SmokeTestSuite')
data.setCell(4, 3, 20291);
data.setCell(5, 0, 5)
data.setCell(5, 1, 'AddGoalPlan')
data.setCell(5, 2, 'Test_Suit.SmokeTestSuite')
data.setCell(5, 3, 18171);
data.setCell(6, 0, 6)
data.setCell(6, 1, 'DeletionOf_PMSCycleAndGoalPlan')
data.setCell(6, 2, 'Test_Suit.SmokeTestSuite')
data.setCell(6, 3, 15058);
data.setCell(7, 0, 7)
data.setCell(7, 1, 'Employee_AssessmentSubmission')
data.setCell(7, 2, 'Test_Suit.SmokeTestSuite')
data.setCell(7, 3, 12122);
data.setCell(8, 0, 8)
data.setCell(8, 1, 'AddPMSCycle')
data.setCell(8, 2, 'Test_Suit.SmokeTestSuite')
data.setCell(8, 3, 10640);
data.setCell(9, 0, 9)
data.setCell(9, 1, 'Initiate_PMSCycle')
data.setCell(9, 2, 'Test_Suit.SmokeTestSuite')
data.setCell(9, 3, 9914);
data.setCell(10, 0, 10)
data.setCell(10, 1, 'DeletionOf_PMSCycleAndGoalPlan')
data.setCell(10, 2, 'Test_Suit.SmokeTestSuite')
data.setCell(10, 3, 4871);
data.setCell(11, 0, 11)
data.setCell(11, 1, 'OneToOneMeeting_Manager')
data.setCell(11, 2, 'Test_Suit.SmokeTestSuite')
data.setCell(11, 3, 0);
data.setCell(12, 0, 12)
data.setCell(12, 1, 'OnToOneMeeting_Employee')
data.setCell(12, 2, 'Test_Suit.SmokeTestSuite')
data.setCell(12, 3, 0);
data.setCell(13, 0, 13)
data.setCell(13, 1, 'Manager_AssessmentSubmissionTo_Skip')
data.setCell(13, 2, 'Test_Suit.SmokeTestSuite')
data.setCell(13, 3, 0);
data.setCell(14, 0, 14)
data.setCell(14, 1, 'Skip_Approval')
data.setCell(14, 2, 'Test_Suit.SmokeTestSuite')
data.setCell(14, 3, 0);
data.setCell(15, 0, 15)
data.setCell(15, 1, 'Finalize_Emp_Appraisal')
data.setCell(15, 2, 'Test_Suit.SmokeTestSuite')
data.setCell(15, 3, 0);
window.suiteTableData['Suite']= { tableData: data, tableDiv: 'times-div-Suite'}
return data;
}
              </script>
              <span class="suite-total-time">Total running time: 3 minutes</span>
              <div id="times-div-Suite">
              </div> <!-- times-div-Suite -->
            </div> <!-- times-div -->
          </div> <!-- main-panel-content rounded-window-bottom -->
        </div> <!-- panel -->
        <div panel-name="reporter-Suite" class="panel">
          <div class="main-panel-header rounded-window-top">
            <span class="header-content">Reporter output for Suite</span>
          </div> <!-- main-panel-header rounded-window-top -->
          <div class="main-panel-content rounded-window-bottom">
          </div> <!-- main-panel-content rounded-window-bottom -->
        </div> <!-- panel -->
        <div panel-name="ignored-methods-Suite" class="panel">
          <div class="main-panel-header rounded-window-top">
            <span class="header-content">0 ignored methods</span>
          </div> <!-- main-panel-header rounded-window-top -->
          <div class="main-panel-content rounded-window-bottom">
          </div> <!-- main-panel-content rounded-window-bottom -->
        </div> <!-- panel -->
        <div panel-name="chronological-Suite" class="panel">
          <div class="main-panel-header rounded-window-top">
            <span class="header-content">Methods in chronological order</span>
          </div> <!-- main-panel-header rounded-window-top -->
          <div class="main-panel-content rounded-window-bottom">
            <div class="chronological-class">
              <div class="chronological-class-name">Test_Suit.SmokeTestSuite</div> <!-- chronological-class-name -->
              <div class="configuration-test before">
                <span class="method-name">setUp</span>
                <span class="method-start">0 ms</span>
              </div> <!-- configuration-test before -->
              <div class="test-method">
                <span class="method-name">EnableIPPBConfigs</span>
                <span class="method-start">12224 ms</span>
              </div> <!-- test-method -->
              <div class="configuration-method after">
                <span class="method-name">runOnFailure([TestResult name=EnableIPPBConfigs status=SUCCESS method=SmokeTestSuite.EnableIPPBConfigs()[pri:1, i...)</span>
                <span class="method-start">37249 ms</span>
              </div> <!-- configuration-method after -->
              <div class="test-method">
                <span class="method-name">AddGoalPlan</span>
                <span class="method-start">37257 ms</span>
              </div> <!-- test-method -->
              <div class="configuration-method after">
                <span class="method-name">runOnFailure([TestResult name=AddGoalPlan status=SUCCESS method=SmokeTestSuite.AddGoalPlan()[pri:2, instance:Test...)</span>
                <span class="method-start">55431 ms</span>
              </div> <!-- configuration-method after -->
              <div class="test-method">
                <span class="method-name">AddPMSCycle</span>
                <span class="method-start">55434 ms</span>
              </div> <!-- test-method -->
              <div class="configuration-method after">
                <span class="method-name">runOnFailure([TestResult name=AddPMSCycle status=SUCCESS method=SmokeTestSuite.AddPMSCycle()[pri:3, instance:Test...)</span>
                <span class="method-start">66077 ms</span>
              </div> <!-- configuration-method after -->
              <div class="test-method">
                <span class="method-name">Initiate_PMSCycle</span>
                <span class="method-start">66082 ms</span>
              </div> <!-- test-method -->
              <div class="configuration-method after">
                <span class="method-name">runOnFailure([TestResult name=Initiate_PMSCycle status=SUCCESS method=SmokeTestSuite.Initiate_PMSCycle()[pri:4, i...)</span>
                <span class="method-start">76000 ms</span>
              </div> <!-- configuration-method after -->
              <div class="test-method">
                <span class="method-name">Manager_AddGoalTo_Emp</span>
                <span class="method-start">76002 ms</span>
              </div> <!-- test-method -->
              <div class="configuration-method after">
                <span class="method-name">runOnFailure([TestResult name=Manager_AddGoalTo_Emp status=SUCCESS method=SmokeTestSuite.Manager_AddGoalTo_Emp()[...)</span>
                <span class="method-start">117677 ms</span>
              </div> <!-- configuration-method after -->
              <div class="test-method">
                <span class="method-name">Employee_AssessmentSubmission</span>
                <span class="method-start">117679 ms</span>
              </div> <!-- test-method -->
              <div class="configuration-method after">
                <span class="method-name">runOnFailure([TestResult name=Employee_AssessmentSubmission status=SKIP method=SmokeTestSuite.Employee_Assessment...)</span>
                <span class="method-start">174861 ms</span>
              </div> <!-- configuration-method after -->
              <div class="test-method">
                <img src="failed.png">
                </img>
                <span class="method-name">Employee_AssessmentSubmission</span>
                <span class="method-start">174862 ms</span>
              </div> <!-- test-method -->
              <div class="configuration-method after">
                <span class="method-name">runOnFailure([TestResult name=Employee_AssessmentSubmission status=FAILURE method=SmokeTestSuite.Employee_Assessm...)</span>
                <span class="method-start">186987 ms</span>
              </div> <!-- configuration-method after -->
              <div class="test-method">
                <span class="method-name">Remove_EmployeesFromGoalPlan</span>
                <span class="method-start">187316 ms</span>
              </div> <!-- test-method -->
              <div class="configuration-method after">
                <span class="method-name">runOnFailure([TestResult name=Remove_EmployeesFromGoalPlan status=SKIP method=SmokeTestSuite.Remove_EmployeesFrom...)</span>
                <span class="method-start">209185 ms</span>
              </div> <!-- configuration-method after -->
              <div class="test-method">
                <img src="failed.png">
                </img>
                <span class="method-name">Remove_EmployeesFromGoalPlan</span>
                <span class="method-start">209185 ms</span>
              </div> <!-- test-method -->
              <div class="configuration-method after">
                <span class="method-name">runOnFailure([TestResult name=Remove_EmployeesFromGoalPlan status=FAILURE method=SmokeTestSuite.Remove_EmployeesF...)</span>
                <span class="method-start">229478 ms</span>
              </div> <!-- configuration-method after -->
              <div class="test-method">
                <span class="method-name">DeletionOf_PMSCycleAndGoalPlan</span>
                <span class="method-start">229670 ms</span>
              </div> <!-- test-method -->
              <div class="configuration-method after">
                <span class="method-name">runOnFailure([TestResult name=DeletionOf_PMSCycleAndGoalPlan status=SKIP method=SmokeTestSuite.DeletionOf_PMSCycl...)</span>
                <span class="method-start">234550 ms</span>
              </div> <!-- configuration-method after -->
              <div class="test-method">
                <img src="failed.png">
                </img>
                <span class="method-name">DeletionOf_PMSCycleAndGoalPlan</span>
                <span class="method-start">234551 ms</span>
              </div> <!-- test-method -->
              <div class="configuration-method after">
                <span class="method-name">runOnFailure([TestResult name=DeletionOf_PMSCycleAndGoalPlan status=FAILURE method=SmokeTestSuite.DeletionOf_PMSC...)</span>
                <span class="method-start">249617 ms</span>
              </div> <!-- configuration-method after -->
              <div class="configuration-test after">
                <span class="method-name">teardown</span>
                <span class="method-start">249858 ms</span>
              </div> <!-- configuration-test after -->
          </div> <!-- main-panel-content rounded-window-bottom -->
        </div> <!-- panel -->
      </div> <!-- main-panel-root -->
    </div> <!-- wrapper -->
  </body>
</html>
